<?xml version="1.0" encoding="UTF-8"?>
<!-- Generated by org.testng.reporters.JUnitXMLReporter -->
<testsuite ignored="0" hostname="LAPTOP-QNQ2F0A1" failures="0" tests="4" name="Default test" time="24.145" errors="0" timestamp="2023-09-23T17:36:56 IST">
  <testcase classname="selenium.TestNG" name="LogIn_Page" time="8.86"/>
  <testcase classname="selenium.TestNG" name="User_LogIn" time="0.966"/>
  <testcase classname="selenium.TestNG" name="PIM_Page" time="3.167"/>
  <testcase classname="selenium.TestNG" name="Find_User" time="11.074"/>
</testsuite> <!-- Default test -->
