<?xml version="1.0" encoding="UTF-8"?>
<testng-results ignored="0" total="4" passed="4" failed="0" skipped="0">
  <reporter-output>
  </reporter-output>
  <suite started-at="2023-09-23T17:36:32 IST" name="Default suite" finished-at="2023-09-23T17:36:56 IST" duration-ms="24145">
    <groups>
    </groups>
    <test started-at="2023-09-23T17:36:32 IST" name="Default test" finished-at="2023-09-23T17:36:56 IST" duration-ms="24145">
      <class name="selenium.TestNG">
        <test-method signature="LogIn_Page()[pri:1, instance:selenium.TestNG@145f66e3]" started-at="2023-09-23T17:36:32 IST" name="LogIn_Page" finished-at="2023-09-23T17:36:41 IST" duration-ms="8860" status="PASS">
          <reporter-output>
          </reporter-output>
        </test-method> <!-- LogIn_Page -->
        <test-method signature="User_LogIn()[pri:2, instance:selenium.TestNG@145f66e3]" started-at="2023-09-23T17:36:41 IST" name="User_LogIn" finished-at="2023-09-23T17:36:42 IST" duration-ms="966" status="PASS">
          <reporter-output>
          </reporter-output>
        </test-method> <!-- User_LogIn -->
        <test-method signature="PIM_Page()[pri:3, instance:selenium.TestNG@145f66e3]" started-at="2023-09-23T17:36:42 IST" name="PIM_Page" finished-at="2023-09-23T17:36:45 IST" duration-ms="3167" status="PASS">
          <reporter-output>
          </reporter-output>
        </test-method> <!-- PIM_Page -->
        <test-method signature="Find_User()[pri:4, instance:selenium.TestNG@145f66e3]" started-at="2023-09-23T17:36:45 IST" name="Find_User" finished-at="2023-09-23T17:36:56 IST" duration-ms="11074" status="PASS">
          <reporter-output>
          </reporter-output>
        </test-method> <!-- Find_User -->
      </class> <!-- selenium.TestNG -->
    </test> <!-- Default test -->
  </suite> <!-- Default suite -->
</testng-results>
